ASSERTION	AAEDAAECAwAAAAAAAECfQA==
ASSERTION	AAEDAAEDAwAAAAAAAEB/QA==
ASSERTION	AAEDAAEFAAAAAAAAwFdAAwAAAAAAAEBvQA==
ASSERTION	AAECAAIEAAAAAAAAwFdA
RUN	gatling.test.example.simulation.ExampleGetSimulation	examplegetsimulation	1675893445468	 	3.9.0
USER	Root end point calls	START	1675893446244
USER	Root end point calls	START	1675893446303
REQUEST		root end point	1675893446242	1675893446357	OK	 
USER	Root end point calls	END	1675893446380
USER	Root end point calls	START	1675893446403
REQUEST		root end point	1675893446301	1675893446412	OK	 
USER	Root end point calls	END	1675893446413
USER	Root end point calls	START	1675893446504
REQUEST		root end point	1675893446402	1675893446538	OK	 
USER	Root end point calls	END	1675893446539
USER	Root end point calls	START	1675893446603
REQUEST		root end point	1675893446503	1675893446690	OK	 
USER	Root end point calls	END	1675893446691
USER	Root end point calls	START	1675893446704
REQUEST		root end point	1675893446603	1675893446775	OK	 
USER	Root end point calls	END	1675893446776
USER	Root end point calls	START	1675893446804
REQUEST		root end point	1675893446703	1675893446815	OK	 
USER	Root end point calls	END	1675893446816
USER	Root end point calls	START	1675893446904
REQUEST		root end point	1675893446804	1675893446935	OK	 
USER	Root end point calls	END	1675893446936
USER	Root end point calls	START	1675893447005
REQUEST		root end point	1675893446904	1675893447016	OK	 
USER	Root end point calls	END	1675893447017
USER	Root end point calls	START	1675893447105
REQUEST		root end point	1675893447004	1675893447109	OK	 
USER	Root end point calls	END	1675893447109
USER	Root end point calls	START	1675893447205
REQUEST		root end point	1675893447105	1675893447229	OK	 
USER	Root end point calls	END	1675893447230
USER	Root end point calls	START	1675893447305
REQUEST		root end point	1675893447205	1675893447365	OK	 
USER	Root end point calls	END	1675893447365
USER	Root end point calls	START	1675893447405
REQUEST		root end point	1675893447305	1675893447446	OK	 
USER	Root end point calls	END	1675893447447
USER	Root end point calls	START	1675893447505
REQUEST		root end point	1675893447404	1675893447531	OK	 
USER	Root end point calls	END	1675893447531
USER	Root end point calls	START	1675893447605
REQUEST		root end point	1675893447505	1675893447647	OK	 
USER	Root end point calls	END	1675893447648
USER	Root end point calls	START	1675893447705
REQUEST		root end point	1675893447604	1675893447751	OK	 
USER	Root end point calls	END	1675893447752
USER	Root end point calls	START	1675893447805
REQUEST		root end point	1675893447705	1675893447817	OK	 
USER	Root end point calls	END	1675893447817
REQUEST		root end point	1675893447805	1675893447904	OK	 
USER	Root end point calls	END	1675893447905
USER	Root end point calls	START	1675893447905
USER	Root end point calls	START	1675893448005
REQUEST		root end point	1675893447905	1675893448056	OK	 
USER	Root end point calls	END	1675893448056
USER	Root end point calls	START	1675893448105
REQUEST		root end point	1675893448005	1675893448140	OK	 
USER	Root end point calls	END	1675893448141
USER	Root end point calls	START	1675893448205
REQUEST		root end point	1675893448105	1675893448217	OK	 
USER	Root end point calls	END	1675893448218
USER	Root end point calls	START	1675893448298
REQUEST		root end point	1675893448205	1675893448306	OK	 
USER	Root end point calls	END	1675893448306
USER	Root end point calls	START	1675893448398
REQUEST		root end point	1675893448298	1675893448421	OK	 
USER	Root end point calls	END	1675893448422
USER	Root end point calls	START	1675893448498
REQUEST		root end point	1675893448398	1675893448574	OK	 
USER	Root end point calls	END	1675893448574
USER	Root end point calls	START	1675893448598
REQUEST		root end point	1675893448498	1675893448607	OK	 
USER	Root end point calls	END	1675893448608
USER	Root end point calls	START	1675893448698
REQUEST		root end point	1675893448598	1675893448745	OK	 
USER	Root end point calls	END	1675893448746
USER	Root end point calls	START	1675893448798
REQUEST		root end point	1675893448698	1675893448822	OK	 
USER	Root end point calls	END	1675893448823
USER	Root end point calls	START	1675893448898
REQUEST		root end point	1675893448798	1675893448941	OK	 
USER	Root end point calls	END	1675893448942
REQUEST		root end point	1675893448898	1675893448998	OK	 
USER	Root end point calls	START	1675893448999
USER	Root end point calls	END	1675893448999
USER	Root end point calls	START	1675893449098
REQUEST		root end point	1675893448999	1675893449120	OK	 
USER	Root end point calls	END	1675893449121
USER	Root end point calls	START	1675893449199
REQUEST		root end point	1675893449098	1675893449204	OK	 
USER	Root end point calls	END	1675893449205
USER	Root end point calls	START	1675893449298
REQUEST		root end point	1675893449198	1675893449361	OK	 
USER	Root end point calls	END	1675893449362
REQUEST		root end point	1675893449298	1675893449396	OK	 
USER	Root end point calls	END	1675893449397
USER	Root end point calls	START	1675893449398
USER	Root end point calls	START	1675893449498
REQUEST		root end point	1675893449398	1675893449558	OK	 
USER	Root end point calls	END	1675893449558
USER	Root end point calls	START	1675893449598
REQUEST		root end point	1675893449498	1675893449656	OK	 
USER	Root end point calls	END	1675893449657
USER	Root end point calls	START	1675893449698
REQUEST		root end point	1675893449598	1675893449708	OK	 
USER	Root end point calls	END	1675893449709
REQUEST		root end point	1675893449698	1675893449795	OK	 
USER	Root end point calls	END	1675893449796
USER	Root end point calls	START	1675893449798
USER	Root end point calls	START	1675893449898
REQUEST		root end point	1675893449798	1675893449910	OK	 
USER	Root end point calls	END	1675893449911
USER	Root end point calls	START	1675893449999
REQUEST		root end point	1675893449898	1675893450052	OK	 
USER	Root end point calls	END	1675893450053
USER	Root end point calls	START	1675893450099
REQUEST		root end point	1675893449998	1675893450119	OK	 
USER	Root end point calls	END	1675893450120
USER	Root end point calls	START	1675893450199
REQUEST		root end point	1675893450099	1675893450252	OK	 
USER	Root end point calls	END	1675893450253
USER	Root end point calls	START	1675893450299
REQUEST		root end point	1675893450199	1675893450352	OK	 
USER	Root end point calls	END	1675893450353
USER	Root end point calls	START	1675893450398
REQUEST		root end point	1675893450298	1675893450414	OK	 
USER	Root end point calls	END	1675893450415
USER	Root end point calls	START	1675893450499
REQUEST		root end point	1675893450398	1675893450563	OK	 
USER	Root end point calls	END	1675893450564
USER	Root end point calls	START	1675893450598
REQUEST		root end point	1675893450498	1675893450672	OK	 
USER	Root end point calls	END	1675893450673
USER	Root end point calls	START	1675893450698
REQUEST		root end point	1675893450598	1675893450709	OK	 
USER	Root end point calls	END	1675893450710
USER	Root end point calls	START	1675893450798
REQUEST		root end point	1675893450698	1675893450851	OK	 
USER	Root end point calls	END	1675893450852
USER	Root end point calls	START	1675893450898
REQUEST		root end point	1675893450798	1675893450929	OK	 
USER	Root end point calls	END	1675893450930
USER	Root end point calls	START	1675893450998
REQUEST		root end point	1675893450898	1675893451045	OK	 
USER	Root end point calls	END	1675893451046
REQUEST		root end point	1675893450998	1675893451094	OK	 
USER	Root end point calls	END	1675893451095
USER	Root end point calls	START	1675893451098
USER	Root end point calls	START	1675893451199
REQUEST		root end point	1675893451098	1675893451270	OK	 
USER	Root end point calls	END	1675893451271
USER	Root end point calls	START	1675893451298
REQUEST		root end point	1675893451199	1675893451307	OK	 
USER	Root end point calls	END	1675893451308
USER	Root end point calls	START	1675893451398
REQUEST		root end point	1675893451298	1675893451438	OK	 
USER	Root end point calls	END	1675893451439
USER	Root end point calls	START	1675893451498
REQUEST		root end point	1675893451398	1675893451556	OK	 
USER	Root end point calls	END	1675893451557
USER	Root end point calls	START	1675893451599
REQUEST		root end point	1675893451498	1675893451674	OK	 
USER	Root end point calls	END	1675893451675
USER	Root end point calls	START	1675893451699
REQUEST		root end point	1675893451598	1675893451769	OK	 
USER	Root end point calls	END	1675893451770
USER	Root end point calls	START	1675893451799
REQUEST		root end point	1675893451698	1675893451851	OK	 
USER	Root end point calls	END	1675893451853
USER	Root end point calls	START	1675893451898
REQUEST		root end point	1675893451798	1675893451958	OK	 
USER	Root end point calls	END	1675893451959
USER	Root end point calls	START	1675893451999
REQUEST		root end point	1675893451898	1675893452061	OK	 
USER	Root end point calls	END	1675893452061
USER	Root end point calls	START	1675893452099
REQUEST		root end point	1675893451998	1675893452126	OK	 
USER	Root end point calls	END	1675893452126
USER	Root end point calls	START	1675893452200
REQUEST		root end point	1675893452099	1675893452249	OK	 
USER	Root end point calls	END	1675893452250
USER	Root end point calls	START	1675893452298
REQUEST		root end point	1675893452199	1675893452320	OK	 
USER	Root end point calls	END	1675893452321
USER	Root end point calls	START	1675893452398
REQUEST		root end point	1675893452297	1675893452438	OK	 
USER	Root end point calls	END	1675893452438
USER	Root end point calls	START	1675893452498
REQUEST		root end point	1675893452397	1675893452589	OK	 
USER	Root end point calls	END	1675893452590
USER	Root end point calls	START	1675893452598
REQUEST		root end point	1675893452498	1675893452599	OK	 
USER	Root end point calls	END	1675893452599
USER	Root end point calls	START	1675893452698
USER	Root end point calls	START	1675893452798
REQUEST		root end point	1675893452597	1675893452829	OK	 
USER	Root end point calls	END	1675893452830
USER	Root end point calls	START	1675893452898
USER	Root end point calls	START	1675893452998
REQUEST		root end point	1675893452798	1675893453055	OK	 
USER	Root end point calls	END	1675893453056
REQUEST		root end point	1675893452698	1675893453063	OK	 
USER	Root end point calls	END	1675893453064
USER	Root end point calls	START	1675893453098
REQUEST		root end point	1675893452898	1675893453189	OK	 
USER	Root end point calls	END	1675893453190
USER	Root end point calls	START	1675893453198
REQUEST		root end point	1675893453098	1675893453233	OK	 
USER	Root end point calls	END	1675893453234
REQUEST		root end point	1675893452998	1675893453251	OK	 
USER	Root end point calls	END	1675893453252
USER	Root end point calls	START	1675893453298
REQUEST		root end point	1675893453198	1675893453311	OK	 
USER	Root end point calls	END	1675893453313
USER	Root end point calls	START	1675893453399
REQUEST		root end point	1675893453298	1675893453406	OK	 
USER	Root end point calls	END	1675893453406
USER	Root end point calls	START	1675893453499
REQUEST		root end point	1675893453398	1675893453515	OK	 
USER	Root end point calls	END	1675893453516
USER	Root end point calls	START	1675893453599
REQUEST		root end point	1675893453498	1675893453618	OK	 
USER	Root end point calls	END	1675893453619
USER	Root end point calls	START	1675893453699
REQUEST		root end point	1675893453598	1675893453715	OK	 
USER	Root end point calls	END	1675893453716
USER	Root end point calls	START	1675893453799
REQUEST		root end point	1675893453698	1675893453815	OK	 
USER	Root end point calls	END	1675893453816
USER	Root end point calls	START	1675893453898
REQUEST		root end point	1675893453798	1675893453957	OK	 
USER	Root end point calls	END	1675893453957
USER	Root end point calls	START	1675893453998
REQUEST		root end point	1675893453898	1675893454014	OK	 
USER	Root end point calls	END	1675893454014
USER	Root end point calls	START	1675893454099
REQUEST		root end point	1675893453998	1675893454147	OK	 
USER	Root end point calls	END	1675893454148
USER	Root end point calls	START	1675893454199
REQUEST		root end point	1675893454098	1675893454212	OK	 
USER	Root end point calls	END	1675893454213
REQUEST		root end point	1675893454198	1675893454293	OK	 
USER	Root end point calls	END	1675893454294
USER	Root end point calls	START	1675893454298
USER	Root end point calls	START	1675893454398
REQUEST		root end point	1675893454298	1675893454416	OK	 
USER	Root end point calls	END	1675893454417
USER	Root end point calls	START	1675893454498
REQUEST		root end point	1675893454398	1675893454520	OK	 
USER	Root end point calls	END	1675893454521
USER	Root end point calls	START	1675893454598
USER	Root end point calls	START	1675893454700
REQUEST		root end point	1675893454498	1675893454715	OK	 
USER	Root end point calls	END	1675893454716
USER	Root end point calls	START	1675893454799
REQUEST		root end point	1675893454598	1675893454829	OK	 
USER	Root end point calls	END	1675893454830
REQUEST		root end point	1675893454699	1675893454891	OK	 
USER	Root end point calls	END	1675893454892
USER	Root end point calls	START	1675893454899
REQUEST		root end point	1675893454799	1675893454941	OK	 
USER	Root end point calls	END	1675893454942
USER	Root end point calls	START	1675893454998
REQUEST		root end point	1675893454899	1675893455068	OK	 
USER	Root end point calls	END	1675893455068
USER	Root end point calls	START	1675893455098
REQUEST		root end point	1675893454998	1675893455163	OK	 
USER	Root end point calls	END	1675893455164
USER	Root end point calls	START	1675893455198
REQUEST		root end point	1675893455098	1675893455217	OK	 
USER	Root end point calls	END	1675893455218
USER	Root end point calls	START	1675893455298
USER	Root end point calls	START	1675893455398
REQUEST		root end point	1675893455297	1675893455424	OK	 
USER	Root end point calls	END	1675893455424
USER	Root end point calls	START	1675893455498
REQUEST		root end point	1675893455398	1675893455575	OK	 
USER	Root end point calls	END	1675893455576
USER	Root end point calls	START	1675893455598
REQUEST		root end point	1675893455198	1675893455634	OK	 
USER	Root end point calls	END	1675893455634
REQUEST		root end point	1675893455498	1675893455674	OK	 
USER	Root end point calls	END	1675893455675
USER	Root end point calls	START	1675893455698
REQUEST		root end point	1675893455597	1675893455713	OK	 
USER	Root end point calls	END	1675893455714
USER	Root end point calls	START	1675893455798
REQUEST		root end point	1675893455697	1675893455857	OK	 
USER	Root end point calls	END	1675893455858
USER	Root end point calls	START	1675893455898
REQUEST		root end point	1675893455798	1675893455929	OK	 
USER	Root end point calls	END	1675893455930
REQUEST		root end point	1675893455898	1675893455996	OK	 
USER	Root end point calls	END	1675893455996
USER	Root end point calls	START	1675893455998
USER	Root end point calls	START	1675893456098
REQUEST		root end point	1675893455998	1675893456118	OK	 
USER	Root end point calls	END	1675893456119
USER	Root end point calls	START	1675893456198
REQUEST		root end point	1675893456098	1675893456261	OK	 
USER	Root end point calls	END	1675893456262
USER	Root end point calls	START	1675893456298
REQUEST		root end point	1675893456198	1675893456351	OK	 
USER	Root end point calls	END	1675893456352
USER	Root end point calls	START	1675893456398
REQUEST		root end point	1675893456298	1675893456424	OK	 
USER	Root end point calls	END	1675893456425
USER	Root end point calls	START	1675893456499
REQUEST		root end point	1675893456398	1675893456555	OK	 
USER	Root end point calls	END	1675893456556
USER	Root end point calls	START	1675893456598
REQUEST		root end point	1675893456498	1675893456667	OK	 
USER	Root end point calls	END	1675893456668
USER	Root end point calls	START	1675893456698
REQUEST		root end point	1675893456598	1675893456703	OK	 
USER	Root end point calls	END	1675893456704
USER	Root end point calls	START	1675893456798
REQUEST		root end point	1675893456698	1675893456855	OK	 
USER	Root end point calls	END	1675893456856
USER	Root end point calls	START	1675893456899
REQUEST		root end point	1675893456798	1675893456938	OK	 
USER	Root end point calls	END	1675893456939
USER	Root end point calls	START	1675893456999
REQUEST		root end point	1675893456898	1675893457015	OK	 
USER	Root end point calls	END	1675893457016
USER	Root end point calls	START	1675893457099
REQUEST		root end point	1675893456998	1675893457157	OK	 
USER	Root end point calls	END	1675893457158
USER	Root end point calls	START	1675893457199
REQUEST		root end point	1675893457098	1675893457272	OK	 
USER	Root end point calls	END	1675893457272
USER	Root end point calls	START	1675893457298
REQUEST		root end point	1675893457199	1675893457325	OK	 
USER	Root end point calls	END	1675893457326
USER	Root end point calls	START	1675893457398
REQUEST		root end point	1675893457298	1675893457422	OK	 
USER	Root end point calls	END	1675893457423
USER	Root end point calls	START	1675893457498
REQUEST		root end point	1675893457398	1675893457565	OK	 
USER	Root end point calls	END	1675893457566
USER	Root end point calls	START	1675893457598
REQUEST		root end point	1675893457498	1675893457623	OK	 
USER	Root end point calls	END	1675893457624
USER	Root end point calls	START	1675893457698
REQUEST		root end point	1675893457598	1675893457716	OK	 
USER	Root end point calls	END	1675893457716
USER	Root end point calls	START	1675893457798
REQUEST		root end point	1675893457698	1675893457813	OK	 
USER	Root end point calls	END	1675893457815
USER	Root end point calls	START	1675893457898
REQUEST		root end point	1675893457798	1675893457906	OK	 
USER	Root end point calls	END	1675893457907
USER	Root end point calls	START	1675893457998
REQUEST		root end point	1675893457898	1675893458034	OK	 
USER	Root end point calls	END	1675893458035
USER	Root end point calls	START	1675893458099
REQUEST		root end point	1675893457998	1675893458106	OK	 
USER	Root end point calls	END	1675893458107
USER	Root end point calls	START	1675893458199
REQUEST		root end point	1675893458098	1675893458259	OK	 
USER	Root end point calls	END	1675893458260
USER	Root end point calls	START	1675893458297
REQUEST		root end point	1675893458198	1675893458352	OK	 
USER	Root end point calls	END	1675893458352
USER	Root end point calls	START	1675893458397
REQUEST		root end point	1675893458297	1675893458437	OK	 
USER	Root end point calls	END	1675893458438
USER	Root end point calls	START	1675893458497
REQUEST		root end point	1675893458397	1675893458556	OK	 
USER	Root end point calls	END	1675893458556
USER	Root end point calls	START	1675893458597
REQUEST		root end point	1675893458497	1675893458636	OK	 
USER	Root end point calls	END	1675893458637
USER	Root end point calls	START	1675893458698
REQUEST		root end point	1675893458597	1675893458741	OK	 
USER	Root end point calls	END	1675893458742
USER	Root end point calls	START	1675893458798
REQUEST		root end point	1675893458697	1675893458815	OK	 
USER	Root end point calls	END	1675893458815
REQUEST		root end point	1675893458798	1675893458897	OK	 
USER	Root end point calls	END	1675893458897
USER	Root end point calls	START	1675893458898
USER	Root end point calls	START	1675893458998
REQUEST		root end point	1675893458898	1675893459011	OK	 
USER	Root end point calls	END	1675893459012
USER	Root end point calls	START	1675893459098
REQUEST		root end point	1675893458997	1675893459103	OK	 
USER	Root end point calls	END	1675893459104
USER	Root end point calls	START	1675893459198
REQUEST		root end point	1675893459097	1675893459242	OK	 
USER	Root end point calls	END	1675893459243
USER	Root end point calls	START	1675893459298
REQUEST		root end point	1675893459198	1675893459300	OK	 
USER	Root end point calls	END	1675893459301
REQUEST		root end point	1675893459298	1675893459396	OK	 
USER	Root end point calls	END	1675893459397
USER	Root end point calls	START	1675893459398
USER	Root end point calls	START	1675893459498
REQUEST		root end point	1675893459398	1675893459578	OK	 
USER	Root end point calls	END	1675893459579
USER	Root end point calls	START	1675893459598
REQUEST		root end point	1675893459497	1675893459654	OK	 
USER	Root end point calls	END	1675893459655
USER	Root end point calls	START	1675893459698
REQUEST		root end point	1675893459598	1675893459707	OK	 
USER	Root end point calls	END	1675893459708
USER	Root end point calls	START	1675893459798
REQUEST		root end point	1675893459698	1675893459847	OK	 
USER	Root end point calls	END	1675893459847
REQUEST		root end point	1675893459798	1675893459894	OK	 
USER	Root end point calls	END	1675893459894
USER	Root end point calls	START	1675893459898
USER	Root end point calls	START	1675893459998
REQUEST		root end point	1675893459898	1675893460071	OK	 
USER	Root end point calls	END	1675893460071
USER	Root end point calls	START	1675893460098
REQUEST		root end point	1675893459998	1675893460156	OK	 
USER	Root end point calls	END	1675893460157
USER	Root end point calls	START	1675893460198
REQUEST		root end point	1675893460098	1675893460276	OK	 
USER	Root end point calls	END	1675893460277
USER	Root end point calls	START	1675893460298
REQUEST		root end point	1675893460198	1675893460366	OK	 
USER	Root end point calls	END	1675893460367
USER	Root end point calls	START	1675893460399
REQUEST		root end point	1675893460298	1675893460453	OK	 
USER	Root end point calls	END	1675893460454
USER	Root end point calls	START	1675893460498
REQUEST		root end point	1675893460398	1675893460511	OK	 
USER	Root end point calls	END	1675893460512
USER	Root end point calls	START	1675893460598
REQUEST		root end point	1675893460498	1675893460669	OK	 
USER	Root end point calls	END	1675893460670
USER	Root end point calls	START	1675893460698
REQUEST		root end point	1675893460598	1675893460769	OK	 
USER	Root end point calls	END	1675893460769
USER	Root end point calls	START	1675893460798
REQUEST		root end point	1675893460698	1675893460845	OK	 
USER	Root end point calls	END	1675893460846
USER	Root end point calls	START	1675893460898
REQUEST		root end point	1675893460798	1675893460958	OK	 
USER	Root end point calls	END	1675893460959
USER	Root end point calls	START	1675893460998
REQUEST		root end point	1675893460898	1675893461042	OK	 
USER	Root end point calls	END	1675893461043
USER	Root end point calls	START	1675893461099
REQUEST		root end point	1675893460998	1675893461124	OK	 
USER	Root end point calls	END	1675893461125
REQUEST		root end point	1675893461098	1675893461214	OK	 
USER	Root end point calls	END	1675893461215
